mode: set
github.com/ecosystemsoftware/ecosystem/handlers/api/api.go:75.55,88.36 7 1
github.com/ecosystemsoftware/ecosystem/handlers/api/api.go:95.2,99.16 4 1
github.com/ecosystemsoftware/ecosystem/handlers/api/api.go:88.36,92.3 3 1
github.com/ecosystemsoftware/ecosystem/handlers/api/api.go:99.16,101.43 1 1
github.com/ecosystemsoftware/ecosystem/handlers/api/api.go:101.43,104.4 2 1
github.com/ecosystemsoftware/ecosystem/handlers/api/api.go:104.4,110.4 4 1
github.com/ecosystemsoftware/ecosystem/handlers/api/api.go:111.3,114.3 2 1
github.com/ecosystemsoftware/ecosystem/handlers/api/api.go:119.57,132.41 7 1
github.com/ecosystemsoftware/ecosystem/handlers/api/api.go:138.2,142.16 4 1
github.com/ecosystemsoftware/ecosystem/handlers/api/api.go:132.41,136.3 3 1
github.com/ecosystemsoftware/ecosystem/handlers/api/api.go:142.16,149.3 4 1
github.com/ecosystemsoftware/ecosystem/handlers/api/api.go:149.3,152.3 2 1
github.com/ecosystemsoftware/ecosystem/handlers/api/api.go:156.59,168.36 6 1
github.com/ecosystemsoftware/ecosystem/handlers/api/api.go:175.2,186.19 3 1
github.com/ecosystemsoftware/ecosystem/handlers/api/api.go:192.2,192.57 1 1
github.com/ecosystemsoftware/ecosystem/handlers/api/api.go:199.2,199.73 1 1
github.com/ecosystemsoftware/ecosystem/handlers/api/api.go:209.2,209.69 1 1
github.com/ecosystemsoftware/ecosystem/handlers/api/api.go:168.36,172.3 3 1
github.com/ecosystemsoftware/ecosystem/handlers/api/api.go:186.19,189.3 2 1
github.com/ecosystemsoftware/ecosystem/handlers/api/api.go:192.57,196.3 3 1
github.com/ecosystemsoftware/ecosystem/handlers/api/api.go:199.73,202.3 1 1
github.com/ecosystemsoftware/ecosystem/handlers/api/api.go:202.3,206.3 2 1
github.com/ecosystemsoftware/ecosystem/handlers/api/api.go:209.69,214.3 4 1
github.com/ecosystemsoftware/ecosystem/handlers/api/api.go:214.3,218.3 2 1
github.com/ecosystemsoftware/ecosystem/handlers/api/api.go:222.59,235.41 7 1
github.com/ecosystemsoftware/ecosystem/handlers/api/api.go:242.2,247.16 4 1
github.com/ecosystemsoftware/ecosystem/handlers/api/api.go:235.41,239.3 3 1
github.com/ecosystemsoftware/ecosystem/handlers/api/api.go:247.16,253.3 4 1
github.com/ecosystemsoftware/ecosystem/handlers/api/api.go:253.3,255.41 1 1
github.com/ecosystemsoftware/ecosystem/handlers/api/api.go:255.41,258.4 2 1
github.com/ecosystemsoftware/ecosystem/handlers/api/api.go:258.4,260.4 1 1
github.com/ecosystemsoftware/ecosystem/handlers/api/api.go:265.59,278.41 7 1
github.com/ecosystemsoftware/ecosystem/handlers/api/api.go:285.2,295.19 3 1
github.com/ecosystemsoftware/ecosystem/handlers/api/api.go:301.2,301.44 1 1
github.com/ecosystemsoftware/ecosystem/handlers/api/api.go:278.41,282.3 3 1
github.com/ecosystemsoftware/ecosystem/handlers/api/api.go:295.19,298.3 2 1
github.com/ecosystemsoftware/ecosystem/handlers/api/api.go:301.44,304.29 2 1
github.com/ecosystemsoftware/ecosystem/handlers/api/api.go:307.3,308.98 2 1
github.com/ecosystemsoftware/ecosystem/handlers/api/api.go:304.29,306.4 1 1
github.com/ecosystemsoftware/ecosystem/handlers/api/api.go:310.3,319.57 4 1
github.com/ecosystemsoftware/ecosystem/handlers/api/api.go:319.57,322.4 2 1
github.com/ecosystemsoftware/ecosystem/handlers/api/api.go:322.4,322.24 1 1
github.com/ecosystemsoftware/ecosystem/handlers/api/api.go:322.24,327.4 4 1
github.com/ecosystemsoftware/ecosystem/handlers/api/api.go:327.4,331.4 2 1
